CRITICAL - 2023-01-09 20:40:10 --> syntax error, unexpected identifier "table", expecting "," or ";"
in APPPATH\Views\admin.php on line 150.
 1 SYSTEMPATH\View\View.php(216): CodeIgniter\View\View->CodeIgniter\View\{closure}()
 2 SYSTEMPATH\Common.php(1134): CodeIgniter\View\View->render('admin', [], true)
 3 APPPATH\Controllers\Admin.php(7): view('admin')
 4 SYSTEMPATH\CodeIgniter.php(927): App\Controllers\Admin->index()
 5 SYSTEMPATH\CodeIgniter.php(482): CodeIgniter\CodeIgniter->runController(Object(App\Controllers\Admin))
 6 SYSTEMPATH\CodeIgniter.php(351): CodeIgniter\CodeIgniter->handleRequest(null, Object(Config\Cache), false)
 7 FCPATH\index.php(67): CodeIgniter\CodeIgniter->run()
CRITICAL - 2023-01-09 20:51:02 --> The original file is not a valid file.
in SYSTEMPATH\HTTP\Files\UploadedFile.php on line 137.
 1 SYSTEMPATH\HTTP\Files\UploadedFile.php(137): CodeIgniter\HTTP\Exceptions\HTTPException::forInvalidFile()
 2 APPPATH\Controllers\LaguPujian.php(146): CodeIgniter\HTTP\Files\UploadedFile->move('ROOTPATH\\file', null, true)
 3 APPPATH\Controllers\LaguPujian.php(105): App\Controllers\LaguPujian->upload(Object(CodeIgniter\HTTP\Files\UploadedFile), 'file')
 4 SYSTEMPATH\CodeIgniter.php(927): App\Controllers\LaguPujian->edit()
 5 SYSTEMPATH\CodeIgniter.php(482): CodeIgniter\CodeIgniter->runController(Object(App\Controllers\LaguPujian))
 6 SYSTEMPATH\CodeIgniter.php(351): CodeIgniter\CodeIgniter->handleRequest(null, Object(Config\Cache), false)
 7 FCPATH\index.php(67): CodeIgniter\CodeIgniter->run()
ERROR - 2023-01-09 21:28:12 --> mysqli_sql_exception: Unknown column 'image' in 'field list' in D:\XAMPP\htdocs\gkimusicplayer\system\Database\MySQLi\Connection.php:292
Stack trace:
#0 D:\XAMPP\htdocs\gkimusicplayer\system\Database\MySQLi\Connection.php(292): mysqli->query('SELECT `image`\n...', 0)
#1 D:\XAMPP\htdocs\gkimusicplayer\system\Database\BaseConnection.php(666): CodeIgniter\Database\MySQLi\Connection->execute('SELECT `image`\n...')
#2 D:\XAMPP\htdocs\gkimusicplayer\system\Database\BaseConnection.php(593): CodeIgniter\Database\BaseConnection->simpleQuery('SELECT `image`\n...')
#3 D:\XAMPP\htdocs\gkimusicplayer\system\Database\BaseBuilder.php(1585): CodeIgniter\Database\BaseConnection->query('SELECT `image`\n...', Array, false)
#4 D:\XAMPP\htdocs\gkimusicplayer\system\Model.php(182): CodeIgniter\Database\BaseBuilder->get()
#5 D:\XAMPP\htdocs\gkimusicplayer\system\BaseModel.php(524): CodeIgniter\Model->doFind(true, '5')
#6 D:\XAMPP\htdocs\gkimusicplayer\app\Controllers\LaguPujian.php(105): CodeIgniter\BaseModel->find('5')
#7 D:\XAMPP\htdocs\gkimusicplayer\system\CodeIgniter.php(927): App\Controllers\LaguPujian->edit()
#8 D:\XAMPP\htdocs\gkimusicplayer\system\CodeIgniter.php(482): CodeIgniter\CodeIgniter->runController(Object(App\Controllers\LaguPujian))
#9 D:\XAMPP\htdocs\gkimusicplayer\system\CodeIgniter.php(351): CodeIgniter\CodeIgniter->handleRequest(NULL, Object(Config\Cache), false)
#10 D:\XAMPP\htdocs\gkimusicplayer\public\index.php(67): CodeIgniter\CodeIgniter->run()
#11 {main}
CRITICAL - 2023-01-09 21:28:12 --> Unknown column 'image' in 'field list'
in SYSTEMPATH\Database\MySQLi\Connection.php on line 292.
 1 SYSTEMPATH\Database\MySQLi\Connection.php(292): mysqli->query('SELECT `image`
FROM `lagu_pujian`
WHERE `lagu_pujian`.`id` = \'5\'', 0)
 2 SYSTEMPATH\Database\BaseConnection.php(666): CodeIgniter\Database\MySQLi\Connection->execute('SELECT `image`
FROM `lagu_pujian`
WHERE `lagu_pujian`.`id` = \'5\'')
 3 SYSTEMPATH\Database\BaseConnection.php(593): CodeIgniter\Database\BaseConnection->simpleQuery('SELECT `image`
FROM `lagu_pujian`
WHERE `lagu_pujian`.`id` = \'5\'')
 4 SYSTEMPATH\Database\BaseBuilder.php(1585): CodeIgniter\Database\BaseConnection->query('SELECT `image`
FROM `lagu_pujian`
WHERE `lagu_pujian`.`id` = :lagu_pujian.id:', [...], false)
 5 SYSTEMPATH\Model.php(182): CodeIgniter\Database\BaseBuilder->get()
 6 SYSTEMPATH\BaseModel.php(524): CodeIgniter\Model->doFind(true, '5')
 7 APPPATH\Controllers\LaguPujian.php(105): CodeIgniter\BaseModel->find('5')
 8 SYSTEMPATH\CodeIgniter.php(927): App\Controllers\LaguPujian->edit()
 9 SYSTEMPATH\CodeIgniter.php(482): CodeIgniter\CodeIgniter->runController(Object(App\Controllers\LaguPujian))
10 SYSTEMPATH\CodeIgniter.php(351): CodeIgniter\CodeIgniter->handleRequest(null, Object(Config\Cache), false)
11 FCPATH\index.php(67): CodeIgniter\CodeIgniter->run()
ERROR - 2023-01-09 21:28:20 --> mysqli_sql_exception: Unknown column 'image' in 'field list' in D:\XAMPP\htdocs\gkimusicplayer\system\Database\MySQLi\Connection.php:292
Stack trace:
#0 D:\XAMPP\htdocs\gkimusicplayer\system\Database\MySQLi\Connection.php(292): mysqli->query('SELECT `image`\n...', 0)
#1 D:\XAMPP\htdocs\gkimusicplayer\system\Database\BaseConnection.php(666): CodeIgniter\Database\MySQLi\Connection->execute('SELECT `image`\n...')
#2 D:\XAMPP\htdocs\gkimusicplayer\system\Database\BaseConnection.php(593): CodeIgniter\Database\BaseConnection->simpleQuery('SELECT `image`\n...')
#3 D:\XAMPP\htdocs\gkimusicplayer\system\Database\BaseBuilder.php(1585): CodeIgniter\Database\BaseConnection->query('SELECT `image`\n...', Array, false)
#4 D:\XAMPP\htdocs\gkimusicplayer\system\Model.php(182): CodeIgniter\Database\BaseBuilder->get()
#5 D:\XAMPP\htdocs\gkimusicplayer\system\BaseModel.php(524): CodeIgniter\Model->doFind(true, '5')
#6 D:\XAMPP\htdocs\gkimusicplayer\app\Controllers\LaguPujian.php(105): CodeIgniter\BaseModel->find('5')
#7 D:\XAMPP\htdocs\gkimusicplayer\system\CodeIgniter.php(927): App\Controllers\LaguPujian->edit()
#8 D:\XAMPP\htdocs\gkimusicplayer\system\CodeIgniter.php(482): CodeIgniter\CodeIgniter->runController(Object(App\Controllers\LaguPujian))
#9 D:\XAMPP\htdocs\gkimusicplayer\system\CodeIgniter.php(351): CodeIgniter\CodeIgniter->handleRequest(NULL, Object(Config\Cache), false)
#10 D:\XAMPP\htdocs\gkimusicplayer\public\index.php(67): CodeIgniter\CodeIgniter->run()
#11 {main}
CRITICAL - 2023-01-09 21:28:20 --> Unknown column 'image' in 'field list'
in SYSTEMPATH\Database\MySQLi\Connection.php on line 292.
 1 SYSTEMPATH\Database\MySQLi\Connection.php(292): mysqli->query('SELECT `image`
FROM `lagu_pujian`
WHERE `lagu_pujian`.`id` = \'5\'', 0)
 2 SYSTEMPATH\Database\BaseConnection.php(666): CodeIgniter\Database\MySQLi\Connection->execute('SELECT `image`
FROM `lagu_pujian`
WHERE `lagu_pujian`.`id` = \'5\'')
 3 SYSTEMPATH\Database\BaseConnection.php(593): CodeIgniter\Database\BaseConnection->simpleQuery('SELECT `image`
FROM `lagu_pujian`
WHERE `lagu_pujian`.`id` = \'5\'')
 4 SYSTEMPATH\Database\BaseBuilder.php(1585): CodeIgniter\Database\BaseConnection->query('SELECT `image`
FROM `lagu_pujian`
WHERE `lagu_pujian`.`id` = :lagu_pujian.id:', [...], false)
 5 SYSTEMPATH\Model.php(182): CodeIgniter\Database\BaseBuilder->get()
 6 SYSTEMPATH\BaseModel.php(524): CodeIgniter\Model->doFind(true, '5')
 7 APPPATH\Controllers\LaguPujian.php(105): CodeIgniter\BaseModel->find('5')
 8 SYSTEMPATH\CodeIgniter.php(927): App\Controllers\LaguPujian->edit()
 9 SYSTEMPATH\CodeIgniter.php(482): CodeIgniter\CodeIgniter->runController(Object(App\Controllers\LaguPujian))
10 SYSTEMPATH\CodeIgniter.php(351): CodeIgniter\CodeIgniter->handleRequest(null, Object(Config\Cache), false)
11 FCPATH\index.php(67): CodeIgniter\CodeIgniter->run()
CRITICAL - 2023-01-09 21:30:01 --> Array to string conversion
in APPPATH\Controllers\LaguPujian.php on line 150.
 1 APPPATH\Controllers\LaguPujian.php(150): CodeIgniter\Debug\Exceptions->errorHandler(2, 'Array to string conversion', 'APPPATH\\Controllers\\LaguPujian.php', 150)
 2 APPPATH\Controllers\LaguPujian.php(106): App\Controllers\LaguPujian->upload(Object(CodeIgniter\HTTP\Files\UploadedFile), 'FCPATH\\img', [...])
 3 SYSTEMPATH\CodeIgniter.php(927): App\Controllers\LaguPujian->edit()
 4 SYSTEMPATH\CodeIgniter.php(482): CodeIgniter\CodeIgniter->runController(Object(App\Controllers\LaguPujian))
 5 SYSTEMPATH\CodeIgniter.php(351): CodeIgniter\CodeIgniter->handleRequest(null, Object(Config\Cache), false)
 6 FCPATH\index.php(67): CodeIgniter\CodeIgniter->run()
CRITICAL - 2023-01-09 21:30:06 --> Array to string conversion
in APPPATH\Controllers\LaguPujian.php on line 150.
 1 APPPATH\Controllers\LaguPujian.php(150): CodeIgniter\Debug\Exceptions->errorHandler(2, 'Array to string conversion', 'APPPATH\\Controllers\\LaguPujian.php', 150)
 2 APPPATH\Controllers\LaguPujian.php(106): App\Controllers\LaguPujian->upload(Object(CodeIgniter\HTTP\Files\UploadedFile), 'FCPATH\\img', [...])
 3 SYSTEMPATH\CodeIgniter.php(927): App\Controllers\LaguPujian->edit()
 4 SYSTEMPATH\CodeIgniter.php(482): CodeIgniter\CodeIgniter->runController(Object(App\Controllers\LaguPujian))
 5 SYSTEMPATH\CodeIgniter.php(351): CodeIgniter\CodeIgniter->handleRequest(null, Object(Config\Cache), false)
 6 FCPATH\index.php(67): CodeIgniter\CodeIgniter->run()
CRITICAL - 2023-01-09 21:34:08 --> The original file is not a valid file.
in SYSTEMPATH\HTTP\Files\UploadedFile.php on line 137.
 1 SYSTEMPATH\HTTP\Files\UploadedFile.php(137): CodeIgniter\HTTP\Exceptions\HTTPException::forInvalidFile()
 2 APPPATH\Controllers\LaguPujian.php(152): CodeIgniter\HTTP\Files\UploadedFile->move('FCPATH\\img', null, true)
 3 APPPATH\Controllers\LaguPujian.php(106): App\Controllers\LaguPujian->upload(Object(CodeIgniter\HTTP\Files\UploadedFile), 'FCPATH\\img', 'aaaaa.jpeg')
 4 SYSTEMPATH\CodeIgniter.php(927): App\Controllers\LaguPujian->edit()
 5 SYSTEMPATH\CodeIgniter.php(482): CodeIgniter\CodeIgniter->runController(Object(App\Controllers\LaguPujian))
 6 SYSTEMPATH\CodeIgniter.php(351): CodeIgniter\CodeIgniter->handleRequest(null, Object(Config\Cache), false)
 7 FCPATH\index.php(67): CodeIgniter\CodeIgniter->run()
CRITICAL - 2023-01-09 21:34:13 --> unlink(D:\XAMPP\htdocs\gkimusicplayer\public\img\aaaaa.jpeg): No such file or directory
in APPPATH\Controllers\LaguPujian.php on line 150.
 1 [internal function]: CodeIgniter\Debug\Exceptions->errorHandler(2, 'unlink(D:\\XAMPP\\htdocs\\gkimusicplayer\\public\\img\\aaaaa.jpeg): No such file or directory', 'APPPATH\\Controllers\\LaguPujian.php', 150)
 2 APPPATH\Controllers\LaguPujian.php(150): unlink('FCPATH\\img\\aaaaa.jpeg')
 3 APPPATH\Controllers\LaguPujian.php(106): App\Controllers\LaguPujian->upload(Object(CodeIgniter\HTTP\Files\UploadedFile), 'FCPATH\\img', 'aaaaa.jpeg')
 4 SYSTEMPATH\CodeIgniter.php(927): App\Controllers\LaguPujian->edit()
 5 SYSTEMPATH\CodeIgniter.php(482): CodeIgniter\CodeIgniter->runController(Object(App\Controllers\LaguPujian))
 6 SYSTEMPATH\CodeIgniter.php(351): CodeIgniter\CodeIgniter->handleRequest(null, Object(Config\Cache), false)
 7 FCPATH\index.php(67): CodeIgniter\CodeIgniter->run()
CRITICAL - 2023-01-09 21:35:02 --> unlink(D:\XAMPP\htdocs\gkimusicplayer\public\img\aaaaa.jpeg): No such file or directory
in APPPATH\Controllers\LaguPujian.php on line 150.
 1 [internal function]: CodeIgniter\Debug\Exceptions->errorHandler(2, 'unlink(D:\\XAMPP\\htdocs\\gkimusicplayer\\public\\img\\aaaaa.jpeg): No such file or directory', 'APPPATH\\Controllers\\LaguPujian.php', 150)
 2 APPPATH\Controllers\LaguPujian.php(150): unlink('FCPATH\\img\\aaaaa.jpeg')
 3 APPPATH\Controllers\LaguPujian.php(106): App\Controllers\LaguPujian->upload(Object(CodeIgniter\HTTP\Files\UploadedFile), 'FCPATH\\img', 'aaaaa.jpeg')
 4 SYSTEMPATH\CodeIgniter.php(927): App\Controllers\LaguPujian->edit()
 5 SYSTEMPATH\CodeIgniter.php(482): CodeIgniter\CodeIgniter->runController(Object(App\Controllers\LaguPujian))
 6 SYSTEMPATH\CodeIgniter.php(351): CodeIgniter\CodeIgniter->handleRequest(null, Object(Config\Cache), false)
 7 FCPATH\index.php(67): CodeIgniter\CodeIgniter->run()
CRITICAL - 2023-01-09 21:35:37 --> The original file is not a valid file.
in SYSTEMPATH\HTTP\Files\UploadedFile.php on line 137.
 1 SYSTEMPATH\HTTP\Files\UploadedFile.php(137): CodeIgniter\HTTP\Exceptions\HTTPException::forInvalidFile()
 2 APPPATH\Controllers\LaguPujian.php(152): CodeIgniter\HTTP\Files\UploadedFile->move('FCPATH\\img', null, true)
 3 APPPATH\Controllers\LaguPujian.php(106): App\Controllers\LaguPujian->upload(Object(CodeIgniter\HTTP\Files\UploadedFile), 'FCPATH\\img', 'aaaaa.jpeg')
 4 SYSTEMPATH\CodeIgniter.php(927): App\Controllers\LaguPujian->edit()
 5 SYSTEMPATH\CodeIgniter.php(482): CodeIgniter\CodeIgniter->runController(Object(App\Controllers\LaguPujian))
 6 SYSTEMPATH\CodeIgniter.php(351): CodeIgniter\CodeIgniter->handleRequest(null, Object(Config\Cache), false)
 7 FCPATH\index.php(67): CodeIgniter\CodeIgniter->run()
CRITICAL - 2023-01-09 21:38:37 --> syntax error, unexpected token "else"
in APPPATH\Controllers\LaguPujian.php on line 109.
 1 SYSTEMPATH\Autoloader\Autoloader.php(259): CodeIgniter\Autoloader\Autoloader->includeFile('APPPATH\\Controllers\\LaguPujian.php')
 2 SYSTEMPATH\Autoloader\Autoloader.php(237): CodeIgniter\Autoloader\Autoloader->loadInNamespace('App\\Controllers\\LaguPujian')
 3 [internal function]: CodeIgniter\Autoloader\Autoloader->loadClass('App\\Controllers\\LaguPujian')
 4 SYSTEMPATH\CodeIgniter.php(877): class_exists('\\App\\Controllers\\LaguPujian', true)
 5 SYSTEMPATH\CodeIgniter.php(469): CodeIgniter\CodeIgniter->startController()
 6 SYSTEMPATH\CodeIgniter.php(351): CodeIgniter\CodeIgniter->handleRequest(null, Object(Config\Cache), false)
 7 FCPATH\index.php(67): CodeIgniter\CodeIgniter->run()
CRITICAL - 2023-01-09 21:38:57 --> unlink(D:\XAMPP\htdocs\gkimusicplayer\public\img\aaaaa.jpeg): No such file or directory
in APPPATH\Controllers\LaguPujian.php on line 160.
 1 [internal function]: CodeIgniter\Debug\Exceptions->errorHandler(2, 'unlink(D:\\XAMPP\\htdocs\\gkimusicplayer\\public\\img\\aaaaa.jpeg): No such file or directory', 'APPPATH\\Controllers\\LaguPujian.php', 160)
 2 APPPATH\Controllers\LaguPujian.php(160): unlink('FCPATH\\img\\aaaaa.jpeg')
 3 APPPATH\Controllers\LaguPujian.php(110): App\Controllers\LaguPujian->upload(Object(CodeIgniter\HTTP\Files\UploadedFile), 'FCPATH\\img', 'aaaaa.jpeg')
 4 SYSTEMPATH\CodeIgniter.php(927): App\Controllers\LaguPujian->edit()
 5 SYSTEMPATH\CodeIgniter.php(482): CodeIgniter\CodeIgniter->runController(Object(App\Controllers\LaguPujian))
 6 SYSTEMPATH\CodeIgniter.php(351): CodeIgniter\CodeIgniter->handleRequest(null, Object(Config\Cache), false)
 7 FCPATH\index.php(67): CodeIgniter\CodeIgniter->run()
CRITICAL - 2023-01-09 22:46:40 --> Class "App\Filters\UserFilter" not found
in SYSTEMPATH\Filters\Filters.php on line 166.
 1 SYSTEMPATH\CodeIgniter.php(455): CodeIgniter\Filters\Filters->run('admin', 'before')
 2 SYSTEMPATH\CodeIgniter.php(351): CodeIgniter\CodeIgniter->handleRequest(null, Object(Config\Cache), false)
 3 FCPATH\index.php(67): CodeIgniter\CodeIgniter->run()
CRITICAL - 2023-01-09 22:46:56 --> syntax error, unexpected token ";"
in APPPATH\Controllers\User.php on line 24.
 1 SYSTEMPATH\Autoloader\Autoloader.php(259): CodeIgniter\Autoloader\Autoloader->includeFile('APPPATH\\Controllers\\User.php')
 2 SYSTEMPATH\Autoloader\Autoloader.php(237): CodeIgniter\Autoloader\Autoloader->loadInNamespace('App\\Controllers\\User')
 3 [internal function]: CodeIgniter\Autoloader\Autoloader->loadClass('App\\Controllers\\User')
 4 SYSTEMPATH\CodeIgniter.php(877): class_exists('\\App\\Controllers\\User', true)
 5 SYSTEMPATH\CodeIgniter.php(469): CodeIgniter\CodeIgniter->startController()
 6 SYSTEMPATH\CodeIgniter.php(351): CodeIgniter\CodeIgniter->handleRequest(null, Object(Config\Cache), false)
 7 FCPATH\index.php(67): CodeIgniter\CodeIgniter->run()
CRITICAL - 2023-01-09 22:48:48 --> syntax error, unexpected identifier "session"
in APPPATH\Controllers\User.php on line 25.
 1 SYSTEMPATH\Autoloader\Autoloader.php(259): CodeIgniter\Autoloader\Autoloader->includeFile('APPPATH\\Controllers\\User.php')
 2 SYSTEMPATH\Autoloader\Autoloader.php(237): CodeIgniter\Autoloader\Autoloader->loadInNamespace('App\\Controllers\\User')
 3 [internal function]: CodeIgniter\Autoloader\Autoloader->loadClass('App\\Controllers\\User')
 4 SYSTEMPATH\CodeIgniter.php(877): class_exists('\\App\\Controllers\\User', true)
 5 SYSTEMPATH\CodeIgniter.php(469): CodeIgniter\CodeIgniter->startController()
 6 SYSTEMPATH\CodeIgniter.php(351): CodeIgniter\CodeIgniter->handleRequest(null, Object(Config\Cache), false)
 7 FCPATH\index.php(67): CodeIgniter\CodeIgniter->run()
CRITICAL - 2023-01-09 23:00:57 --> Class "App\Models\UserModel" not found
in APPPATH\Controllers\User.php on line 18.
 1 SYSTEMPATH\CodeIgniter.php(927): App\Controllers\User->loginCheck()
 2 SYSTEMPATH\CodeIgniter.php(482): CodeIgniter\CodeIgniter->runController(Object(App\Controllers\User))
 3 SYSTEMPATH\CodeIgniter.php(351): CodeIgniter\CodeIgniter->handleRequest(null, Object(Config\Cache), false)
 4 FCPATH\index.php(67): CodeIgniter\CodeIgniter->run()
CRITICAL - 2023-01-09 23:01:26 --> Call to a member function where() on string
in APPPATH\Controllers\User.php on line 20.
 1 SYSTEMPATH\CodeIgniter.php(927): App\Controllers\User->loginCheck()
 2 SYSTEMPATH\CodeIgniter.php(482): CodeIgniter\CodeIgniter->runController(Object(App\Controllers\User))
 3 SYSTEMPATH\CodeIgniter.php(351): CodeIgniter\CodeIgniter->handleRequest(null, Object(Config\Cache), false)
 4 FCPATH\index.php(67): CodeIgniter\CodeIgniter->run()
CRITICAL - 2023-01-09 23:02:40 --> Call to a member function where() on string
in APPPATH\Controllers\User.php on line 20.
 1 SYSTEMPATH\CodeIgniter.php(927): App\Controllers\User->loginCheck()
 2 SYSTEMPATH\CodeIgniter.php(482): CodeIgniter\CodeIgniter->runController(Object(App\Controllers\User))
 3 SYSTEMPATH\CodeIgniter.php(351): CodeIgniter\CodeIgniter->handleRequest(null, Object(Config\Cache), false)
 4 FCPATH\index.php(67): CodeIgniter\CodeIgniter->run()
